
[0;34m=== ç³»ç»ŸåŸºç¡€æ£€æŸ¥ ===[0m
[0;36m[i] æ“ä½œç³»ç»Ÿä¿¡æ¯ï¼š[0m
[0;36m[i] CPUå‹å·: Intel(R) Xeon(R) Platinum 8275CL CPU @ 3.00GHz[0m
[0;36m[i] CPUæ ¸å¿ƒæ•°: 8[0m
[0;32m[âœ“] CPUæ ¸å¿ƒæ•°ç¬¦åˆè¦æ±‚(8 cores)[0m
[0;36m[i] ç³»ç»Ÿæ€»å†…å­˜: 15GB[0m
[0;32m[âœ“] ç³»ç»Ÿå†…å­˜ç¬¦åˆè¦æ±‚(15GB)[0m

[0;34m=== Rubyç¯å¢ƒæ£€æŸ¥ ===[0m
[0;36m[i] Rubyç‰ˆæœ¬: 3.1.2p20[0m
[0;32m[âœ“] Rubyç‰ˆæœ¬ç¬¦åˆè¦æ±‚(3.1.2p20)[0m
[0;32m[âœ“] RubyGemså·²å®‰è£… (ç‰ˆæœ¬: 3.3.7)[0m
[0;32m[âœ“] bundlerå·²å®‰è£… (ç‰ˆæœ¬: 2.6.2
2.3.7
2.2.19)[0m
[0;32m[âœ“] rakeå·²å®‰è£… (ç‰ˆæœ¬: 13.2.1
13.0.6)[0m
[0;32m[âœ“] railså·²å®‰è£… (ç‰ˆæœ¬: 6.1.7)[0m
[0;31m[Ã—] rspecæœªå®‰è£…[0m
[0;32m[âœ“] pumaå·²å®‰è£… (ç‰ˆæœ¬: 4.3.12)[0m
[0;32m[âœ“] sidekiqå·²å®‰è£… (ç‰ˆæœ¬: 5.2.10)[0m
[0;31m[Ã—] rubocopæœªå®‰è£…[0m
[0;32m[âœ“] rbenvå·²å®‰è£… (ç‰ˆæœ¬: 1.3.0-9-gefeab7f)[0m
[0;32m[âœ“] rbenvè¿è¡Œæ­£å¸¸ï¼ˆè™½ç„¶æœªåœ¨å¸¸è§é…ç½®æ–‡ä»¶ä¸­æ‰¾åˆ°åˆå§‹åŒ–é…ç½®ï¼‰[0m

[0;34m=== å¼€å‘ä¾èµ–æ£€æŸ¥ ===[0m
[0;32m[âœ“] gitå·²å®‰è£… (ç‰ˆæœ¬: 1:2.34.1-1ubuntu1.11)[0m
[0;32m[âœ“] gccå·²å®‰è£… (ç‰ˆæœ¬: 4:11.2.0-1ubuntu1)[0m
[0;32m[âœ“] g++å·²å®‰è£… (ç‰ˆæœ¬: 4:11.2.0-1ubuntu1)[0m
[0;32m[âœ“] makeå·²å®‰è£… (ç‰ˆæœ¬: 4.3-4.1build1)[0m
[0;32m[âœ“] automakeå·²å®‰è£… (ç‰ˆæœ¬: 1:1.16.5-1.3)[0m
[0;32m[âœ“] autoconfå·²å®‰è£… (ç‰ˆæœ¬: 2.71-2)[0m
[0;32m[âœ“] libssl-devå·²å®‰è£… (ç‰ˆæœ¬: 3.0.2-0ubuntu1.18)[0m
[0;32m[âœ“] zlib1g-devå·²å®‰è£… (ç‰ˆæœ¬: 1:1.2.11.dfsg-2ubuntu9.2)[0m
[0;32m[âœ“] sqlite3å·²å®‰è£… (ç‰ˆæœ¬: 3.37.2-2ubuntu0.3)[0m
[0;32m[âœ“] libsqlite3-devå·²å®‰è£… (ç‰ˆæœ¬: 3.37.2-2ubuntu0.3)[0m

[0;34m=== WebæœåŠ¡å™¨æ£€æŸ¥ ===[0m
[1;33m[!] Nginxæœªå®‰è£…[0m

[0;34m=== Node.jsç¯å¢ƒæ£€æŸ¥ ===[0m
[0;32m[âœ“] Node.jså·²å®‰è£… (ç‰ˆæœ¬: 20.1.0)[0m
[0;32m[âœ“] npmå·²å®‰è£… (ç‰ˆæœ¬: 9.6.4)[0m
[0;32m[âœ“] yarnå·²å®‰è£… (ç‰ˆæœ¬: 1.22.22)[0m

[0;34m=== Rubyæ€§èƒ½ä¼˜åŒ–æ£€æŸ¥ ===[0m
[0;32m[âœ“] jemallocå·²å®‰è£…[0m
[0;32m[âœ“] Rubyä½¿ç”¨O3ä¼˜åŒ–ç¼–è¯‘[0m

[0;34m=== å¼€å‘å·¥å…·é“¾æ£€æŸ¥ ===[0m
[1;33m[!] .bashrcä¸­æœªè®¾ç½®Railsç¯å¢ƒå˜é‡[0m
[0;32m[âœ“] Gitå…¨å±€é…ç½®æ–‡ä»¶å­˜åœ¨[0m
[0;32m[âœ“] Git user.name å·²é…ç½®[0m
[0;32m[âœ“] Git user.email å·²é…ç½®[0m
[0;31m[Ã—] Git core.editor æœªé…ç½®[0m

[0;34m=== ç½‘ç»œå·¥å…·æ£€æŸ¥ ===[0m
[0;32m[âœ“] curlå·²å®‰è£… (curl 7.81.0 (x86_64-pc-linux-gnu) libcurl/7.81.0 OpenSSL/3.0.2 zlib/1.2.11 brotli/1.0.9 zstd/1.4.8 libidn2/2.3.2 libpsl/0.21.0 (+libidn2/2.3.2) libssh/0.9.6/openssl/zlib nghttp2/1.43.0 librtmp/2.3 OpenLDAP/2.5.18)[0m
[0;32m[âœ“] wgetå·²å®‰è£… (GNU Wget 1.21.2 built on linux-gnu.)[0m
[0;32m[âœ“] netstatå·²å®‰è£… (net-tools 2.10-alpha)[0m
[1;33m[!] ncæœªå®‰è£…[0m
[1;33m[!] digæœªå®‰è£…[0m
[1;33m[!] nmapæœªå®‰è£…[0m

[0;34m=== é¡¹ç›®ç‰¹å®šæ£€æŸ¥ ===[0m
[0;32m[âœ“] é¡¹ç›®ç›®å½• app å­˜åœ¨[0m
[0;32m[âœ“] é¡¹ç›®ç›®å½• config å­˜åœ¨[0m
[0;32m[âœ“] é¡¹ç›®ç›®å½• db å­˜åœ¨[0m
[0;32m[âœ“] é¡¹ç›®ç›®å½• lib å­˜åœ¨[0m
[0;32m[âœ“] é¡¹ç›®ç›®å½• log å­˜åœ¨[0m
[0;32m[âœ“] é¡¹ç›®ç›®å½• public å­˜åœ¨[0m
[0;32m[âœ“] é¡¹ç›®ç›®å½• spec å­˜åœ¨[0m
[0;32m[âœ“] é¡¹ç›®ç›®å½• test å­˜åœ¨[0m
[0;32m[âœ“] é¡¹ç›®ç›®å½• tmp å­˜åœ¨[0m
[0;32m[âœ“] é¡¹ç›®ç›®å½• vendor å­˜åœ¨[0m
[0;32m[âœ“] é…ç½®æ–‡ä»¶ config/database.yml å­˜åœ¨[0m
[0;32m[âœ“] é…ç½®æ–‡ä»¶ config/application.yml å­˜åœ¨[0m
[1;33m[!] é…ç½®æ–‡ä»¶ config/master.key ä¸å­˜åœ¨[0m
[1;33m[!] é…ç½®æ–‡ä»¶ .env ä¸å­˜åœ¨[0m

[0;34m=== ç¯å¢ƒå˜é‡æ£€æŸ¥ ===[0m
[1;33m[!] ç¯å¢ƒå˜é‡ RAILS_ENV æœªè®¾ç½®[0m
[1;33m[!] ç¯å¢ƒå˜é‡ RACK_ENV æœªè®¾ç½®[0m
[1;33m[!] ç¯å¢ƒå˜é‡ DATABASE_URL æœªè®¾ç½®[0m
[1;33m[!] ç¯å¢ƒå˜é‡ REDIS_URL æœªè®¾ç½®[0m
[1;33m[!] ç¯å¢ƒå˜é‡ SECRET_KEY_BASE æœªè®¾ç½®[0m

[0;34m=== æ—¥å¿—ç®¡ç†æ£€æŸ¥ ===[0m
[1;33m[!] Railsæ—¥å¿—è½®è½¬é…ç½®ä¸å­˜åœ¨[0m
